{
"contracts/Doodles.sol":{"l":{"24":6,"31":55,"32":56,"37":2,"41":54,"42":54,"43":54,"47":53,"51":52,"56":52,"57":52,"58":10002,"67":10015,"77":0,"81":4,"85":13,"89":1,"93":1,"94":1,"95":1,"96":10,"101":6,"105":5,"106":5,"107":4,"111":4,"115":4,"120":3,"121":3,"126":2,"127":2},"path":"/Users/mehdirhouzlane/Doodles/contracts/Doodles.sol","s":{"1":6,"2":55,"3":56,"4":2,"5":54,"6":54,"7":54,"8":53,"9":52,"10":52,"11":52,"12":10002,"13":10015,"14":0,"15":4,"16":13,"17":1,"18":1,"19":1,"20":1,"21":10,"22":6,"23":5,"24":5,"25":4,"26":4,"27":4,"28":3,"29":3,"30":2,"31":2},"b":{"1":[54,0],"2":[53,1],"3":[52,1],"4":[52,0],"5":[4,1],"6":[4,0],"7":[4,0],"8":[3,1]},"f":{"1":63,"2":6,"3":55,"4":2,"5":54,"6":10015,"7":0,"8":4,"9":13,"10":1,"11":1,"12":6,"13":5,"14":2},"fnMap":{"1":{"name":"constructor","line":21,"loc":{"start":{"line":21,"column":4},"end":{"line":21,"column":43}}},"2":{"name":"setIsAllowListActive","line":23,"loc":{"start":{"line":23,"column":4},"end":{"line":25,"column":4}}},"3":{"name":"setAllowList","line":29,"loc":{"start":{"line":27,"column":4},"end":{"line":34,"column":4}}},"4":{"name":"numAvailableToMint","line":36,"loc":{"start":{"line":36,"column":4},"end":{"line":38,"column":4}}},"5":{"name":"mintAllowList","line":40,"loc":{"start":{"line":40,"column":4},"end":{"line":60,"column":4}}},"6":{"name":"_beforeTokenTransfer","line":62,"loc":{"start":{"line":62,"column":4},"end":{"line":68,"column":4}}},"7":{"name":"supportsInterface","line":70,"loc":{"start":{"line":70,"column":4},"end":{"line":78,"column":4}}},"8":{"name":"setBaseURI","line":80,"loc":{"start":{"line":80,"column":4},"end":{"line":82,"column":4}}},"9":{"name":"_baseURI","line":84,"loc":{"start":{"line":84,"column":4},"end":{"line":86,"column":4}}},"10":{"name":"setProvenance","line":88,"loc":{"start":{"line":88,"column":4},"end":{"line":90,"column":4}}},"11":{"name":"reserve","line":92,"loc":{"start":{"line":92,"column":4},"end":{"line":98,"column":4}}},"12":{"name":"setSaleState","line":100,"loc":{"start":{"line":100,"column":4},"end":{"line":102,"column":4}}},"13":{"name":"mint","line":104,"loc":{"start":{"line":104,"column":4},"end":{"line":123,"column":4}}},"14":{"name":"withdraw","line":125,"loc":{"start":{"line":125,"column":4},"end":{"line":128,"column":4}}}},"statementMap":{"1":{"start":{"line":24,"column":8},"end":{"line":24,"column":45}},"2":{"start":{"line":31,"column":8},"end":{"line":31,"column":965}},"3":{"start":{"line":32,"column":12},"end":{"line":32,"column":54}},"4":{"start":{"line":37,"column":8},"end":{"line":37,"column":31}},"5":{"start":{"line":41,"column":8},"end":{"line":41,"column":34}},"6":{"start":{"line":42,"column":8},"end":{"line":42,"column":61}},"7":{"start":{"line":43,"column":8},"end":{"line":43,"column":1383}},"8":{"start":{"line":47,"column":8},"end":{"line":47,"column":1514}},"9":{"start":{"line":51,"column":8},"end":{"line":51,"column":1636}},"10":{"start":{"line":56,"column":8},"end":{"line":56,"column":47}},"11":{"start":{"line":57,"column":8},"end":{"line":57,"column":1820}},"12":{"start":{"line":58,"column":12},"end":{"line":58,"column":40}},"13":{"start":{"line":67,"column":8},"end":{"line":67,"column":52}},"14":{"start":{"line":77,"column":8},"end":{"line":77,"column":51}},"15":{"start":{"line":81,"column":8},"end":{"line":81,"column":34}},"16":{"start":{"line":85,"column":8},"end":{"line":85,"column":31}},"17":{"start":{"line":89,"column":8},"end":{"line":89,"column":30}},"18":{"start":{"line":93,"column":8},"end":{"line":93,"column":38}},"19":{"start":{"line":94,"column":8},"end":{"line":94,"column":17}},"20":{"start":{"line":95,"column":8},"end":{"line":95,"column":2833}},"21":{"start":{"line":96,"column":12},"end":{"line":96,"column":44}},"22":{"start":{"line":101,"column":8},"end":{"line":101,"column":30}},"23":{"start":{"line":105,"column":8},"end":{"line":105,"column":34}},"24":{"start":{"line":106,"column":8},"end":{"line":106,"column":66}},"25":{"start":{"line":107,"column":8},"end":{"line":107,"column":3195}},"26":{"start":{"line":111,"column":8},"end":{"line":111,"column":3312}},"27":{"start":{"line":115,"column":8},"end":{"line":115,"column":3434}},"28":{"start":{"line":120,"column":8},"end":{"line":120,"column":3568}},"29":{"start":{"line":121,"column":12},"end":{"line":121,"column":40}},"30":{"start":{"line":126,"column":8},"end":{"line":126,"column":47}},"31":{"start":{"line":127,"column":8},"end":{"line":127,"column":44}}},"branchMap":{"1":{"line":42,"type":"if","locations":[{"start":{"line":42,"column":8},"end":{"line":42,"column":8}},{"start":{"line":42,"column":8},"end":{"line":42,"column":8}}]},"2":{"line":43,"type":"if","locations":[{"start":{"line":43,"column":8},"end":{"line":43,"column":8}},{"start":{"line":43,"column":8},"end":{"line":43,"column":8}}]},"3":{"line":47,"type":"if","locations":[{"start":{"line":47,"column":8},"end":{"line":47,"column":8}},{"start":{"line":47,"column":8},"end":{"line":47,"column":8}}]},"4":{"line":51,"type":"if","locations":[{"start":{"line":51,"column":8},"end":{"line":51,"column":8}},{"start":{"line":51,"column":8},"end":{"line":51,"column":8}}]},"5":{"line":106,"type":"if","locations":[{"start":{"line":106,"column":8},"end":{"line":106,"column":8}},{"start":{"line":106,"column":8},"end":{"line":106,"column":8}}]},"6":{"line":107,"type":"if","locations":[{"start":{"line":107,"column":8},"end":{"line":107,"column":8}},{"start":{"line":107,"column":8},"end":{"line":107,"column":8}}]},"7":{"line":111,"type":"if","locations":[{"start":{"line":111,"column":8},"end":{"line":111,"column":8}},{"start":{"line":111,"column":8},"end":{"line":111,"column":8}}]},"8":{"line":115,"type":"if","locations":[{"start":{"line":115,"column":8},"end":{"line":115,"column":8}},{"start":{"line":115,"column":8},"end":{"line":115,"column":8}}]}}}}
