TN:
SF:/Users/mehdirhouzlane/Doodles/contracts/Doodles.sol
FN:21,constructor
FN:23,setIsAllowListActive
FN:29,setAllowList
FN:36,numAvailableToMint
FN:40,mintAllowList
FN:62,_beforeTokenTransfer
FN:70,supportsInterface
FN:80,setBaseURI
FN:84,_baseURI
FN:88,setProvenance
FN:92,reserve
FN:100,setSaleState
FN:104,mint
FN:125,withdraw
FNF:14
FNH:13
FNDA:63,constructor
FNDA:6,setIsAllowListActive
FNDA:55,setAllowList
FNDA:2,numAvailableToMint
FNDA:54,mintAllowList
FNDA:10015,_beforeTokenTransfer
FNDA:0,supportsInterface
FNDA:4,setBaseURI
FNDA:13,_baseURI
FNDA:1,setProvenance
FNDA:1,reserve
FNDA:6,setSaleState
FNDA:5,mint
FNDA:2,withdraw
DA:24,6
DA:31,55
DA:32,56
DA:37,2
DA:41,54
DA:42,54
DA:43,54
DA:47,53
DA:51,52
DA:56,52
DA:57,52
DA:58,10002
DA:67,10015
DA:77,0
DA:81,4
DA:85,13
DA:89,1
DA:93,1
DA:94,1
DA:95,1
DA:96,10
DA:101,6
DA:105,5
DA:106,5
DA:107,4
DA:111,4
DA:115,4
DA:120,3
DA:121,3
DA:126,2
DA:127,2
LF:31
LH:30
BRDA:42,1,0,54
BRDA:42,1,1,0
BRDA:43,2,0,53
BRDA:43,2,1,1
BRDA:47,3,0,52
BRDA:47,3,1,1
BRDA:51,4,0,52
BRDA:51,4,1,0
BRDA:106,5,0,4
BRDA:106,5,1,1
BRDA:107,6,0,4
BRDA:107,6,1,0
BRDA:111,7,0,4
BRDA:111,7,1,0
BRDA:115,8,0,3
BRDA:115,8,1,1
BRF:16
BRH:12
end_of_record
